<?xml version="1.0" encoding="UTF-8"?>
<testsuite xmlns:xsi="http://www.w3.org/2001/XMLSchema-instance" xsi:noNamespaceSchemaLocation="https://maven.apache.org/surefire/maven-surefire-plugin/xsd/surefire-test-report-3.0.xsd" version="3.0" name="com.app.subasta.infraestructura.persistencia.UsuarioRepositorioImplTest" time="2.255" tests="4" errors="0" skipped="0" failures="0">
  <properties>
[...]
</properties>
  <testcase name="testEliminarUsuario" classname="com.app.subasta.infraestructura.persistencia.UsuarioRepositorioImplTest" time="1.645">
    <system-out><![CDATA[***USUARIO GUARDADO CORRECTAMENTE EN LA BASE DE DATOS***
️ Usuario eliminado correctamente.
✅ testEliminarUsuario pasó correctamente (usuario eliminado)
]]></system-out>
  </testcase>
  <testcase name="testGuardarYBuscarUsuario" classname="com.app.subasta.infraestructura.persistencia.UsuarioRepositorioImplTest" time="0.093">
    <system-out><![CDATA[ERROR NO SE PUDO GUARDAR EL USUARIO
🔍 Usuario encontrado por cédula:
Cédula: 1010101010
Nombre: PRUEBANombre
Apellidos: PRUEBAApellido
Email: PRUEBA@email.com
Teléfono: 301301301
testGuardarYBuscarUsuario pasó correctamente.
]]></system-out>
  </testcase>
  <testcase name="testActualizarUsuario" classname="com.app.subasta.infraestructura.persistencia.UsuarioRepositorioImplTest" time="0.09">
    <system-out><![CDATA[***USUARIO GUARDADO CORRECTAMENTE EN LA BASE DE DATOS***
 Usuario actualizado correctamente.
 testActualizarUsuario pasó correctamente: 888888888 Luis Alberto Torres Rojas - nuevo@correo.com - 3111111111 
]]></system-out>
  </testcase>
  <testcase name="testListarTodos" classname="com.app.subasta.infraestructura.persistencia.UsuarioRepositorioImplTest" time="0.053">
    <system-out><![CDATA[***USUARIO GUARDADO CORRECTAMENTE EN LA BASE DE DATOS***
***USUARIO GUARDADO CORRECTAMENTE EN LA BASE DE DATOS***
testListarTodos: Usuarios encontrados:
 : 01010101010 PRUEBANombre PRUEBAApellido - PRUEBA@email.com - 301301301 
 : 012345 Rafael  castrillo - rafa@gmail.com - 666666 
 : 0123456789 Cristina Pereira - cp@gmail.com.com - 3011234567 
 : 1010101010 PRUEBANombre PRUEBAApellido - PRUEBA@email.com - 301301301 
 : 10101010101 Monica Puello - Puello@gmail.com - 32287864 
 : 111111111 Pedro López - pedro@email.com - 3000000001 
 : 11123456789 Carlos Florez - Florez@gmail.com.com - 3021234567 
 : 11223344 pepito  perez - pp@gmail.com - 612345 
 : 11223345 pepito  perez - pp@gmail.com - 612345 
 : 1212121212 Milena Gonzalez - Gonzalez@gmail.com - 32224343 
 : 123123123 PRUEBANombre PRUEBAApellido - PRUEBA@email.com - 301301301 
 : 123456789 Malver Castro Argumedo - nuevoemail@gmail.com - 3119998877 
 : 1313131313 Lennis pereira - pppp@gmail.com - 675453 
 : 1357911 Maria  Madrid - pmm@gmail.com - 3216789 
 : 1414141144 Diela Carrascal - danic@gmail.com - 3225446 
 : 15151525 Maria Villalba - villarz@gmail.com - 31467893 
 : 161616 Camila Argumedo - Argumed@gmail.com - 3642435 
 : 17171717 Jose Rivera - jose@gmail.com - null 
 : 22222222 Pedro castilla - pz@gmail.com - 622222 
 : 222222222 Marta Díaz - marta@email.com - 3000000002 
 : 24680 Casrlos  Fernandez - pfandez@gmail.com - 12345 
 : 3333333 Darien  Castro - dz@gmail.com - 323333 
 : 3691215 Cristobal  Colom - ccolom@gmail.com - 00000111 
 : 444444 Thiago Gonzalez - Thi@gmail.com - 644444 
 : 55555555 Keyla Villa  - villa@gmail.com - 3211723 
 : 66666666 Dario Perez - P@gmail.com - 32256676 
 : 7777777 Isacc Fernandez - fern@gmail.com - 31275467 
 : 8888888 fernando Madrid - conejo@gmail.com - 34479834 
 : 888888888 Luis Alberto Torres Rojas - nuevo@correo.com - 3111111111 
 : 9999999 Jose Cordoba - jc@gmail.com - 3268457879 
 : 999999999 TestNombre TestApellido - test@email.com - 1234567890 
]]></system-out>
  </testcase>
</testsuite>